0.137
0.142
0.129
0.707
0.327
0.439
0.198
0.019
0.223
0.782
0.987
0.988
0.975
0.954
0.943
0.931
0.963
0.924
0.979
0.942
0.958
0.989
0.984
0.981
0.873
0.921
0.990
0.973
0.970
0.954
0.986
0.958
0.974
0.968
0.949
0.935
0.978
0.977
0.972
0.863
0.939
0.960
0.978
0.986
0.954
0.986
0.999
0.552
0.868
0.884
0.969
0.963
0.985
0.980
0.574
0.821
0.842
0.557
0.033
0.442
0.223
0.410
0.098
0.178
0.242
0.126
0.248
0.430
0.360
0.333
0.297
0.854
0.989
0.995
0.427
0.865
0.935
0.869
0.984
0.989
0.938
0.946
0.916
0.959
0.982
0.921
0.950
0.962
0.995
0.994
0.966
0.852
0.982
0.966
0.984
0.938
0.718
0.966
0.958
0.982
0.975
0.997
0.988
0.987
0.987
0.884
0.984
0.982
0.972
0.996
0.990
0.991
0.961
0.899
0.982
0.972
0.999
0.979
0.966
0.990
0.966
0.940
0.934
0.854
0.971
0.962
0.951
0.993
0.916
0.985
0.953
0.960
0.988
0.923
0.934
0.959
0.946
0.937
0.977
0.949
0.979
0.996
0.977
0.989
0.987
0.997
0.993
0.973
0.980
0.912
0.975
0.823
0.501
0.042
0.508
0.176
0.213
0.165
0.229
0.143
0.182
0.228
0.207
0.335
0.388
0.128
0.485
0.926
0.941
0.988
0.987
0.983
0.763
0.727
0.928
0.985
0.986
0.980
0.997
0.966
0.956
0.991
0.868
0.955
0.984
0.909
0.976
0.985
0.983
0.991
0.975
0.969
0.941
0.757
0.950
0.983
0.978
0.991
0.963
0.883
0.967
0.968
0.959
0.904
0.940
0.983
0.984
0.952
0.989
0.947
0.972
0.971
0.941
0.925
0.969
0.952
0.967
0.979
0.993
0.993
0.974
0.977
0.981
0.975
0.964
0.988
0.962
0.940
0.941
0.937
0.947
0.791
0.897
0.982
0.974
0.960
0.977
0.981
0.990
0.988
0.982
0.973
0.970
0.966
0.995
1.000
0.971
0.972
0.987
0.968
0.969
0.990
0.983
0.970
0.964
0.892
0.969
0.976
0.992
0.993
0.141
0.228
0.208
0.575
0.177
0.230
0.059
0.087
0.136
0.171
0.599
0.462
0.918
0.232
0.476
0.688
0.987
0.736
0.907
0.971
0.929
0.983
0.944
0.974
0.989
0.918
0.952
0.931
0.945
0.933
0.952
0.992
0.971
0.968
0.987
0.795
1.000
0.985
0.972
0.967
0.901
0.911
0.975
0.991
0.953
0.969
0.980
0.812
0.985
0.991
0.974
0.972
0.963
0.924
0.990
0.971
0.945
0.994
0.944
0.942
0.902
0.878
0.554
0.432
0.002
0.034
0.090
0.770
1.000
1.000
0.997
0.993
0.965
0.988
0.928
0.951
0.962
0.956
1.000
0.969
0.978
0.998
0.983
0.828
0.979
0.932
0.972
0.984
0.945
0.993
0.982
0.963
0.971
0.991
0.855
0.964
0.955
0.961
0.980
0.942
0.849
0.000
0.001
0.305
0.746
0.835
0.975
0.989
0.996
0.931
0.986
0.948
0.975
0.961
0.937
0.940
0.992
0.917
0.940
0.506
1.000
0.530
0.647
0.803
0.732
0.185
0.153
0.239
0.000
0.000
0.245
0.533
0.847
0.988
0.976
0.647
1.000
0.973
0.992
0.979
0.961
0.976
0.948
0.937
0.978
0.988
0.929
0.929
0.968
0.984
0.971
0.989
0.864
0.901
0.949
0.917
0.946
0.958
0.977
0.979
0.954
0.997
0.966
0.963
0.963
0.958
0.982
0.953
0.938
0.954
0.950
0.977
0.992
1.000
0.991
0.975
0.989
0.998
0.983
0.969
0.947
0.978
0.972
0.988
0.978
0.989
0.946
0.979
0.957
0.989
0.906
0.958
0.939
0.998
0.953
0.906
0.858
0.972
0.866
0.974
0.968
0.979
0.974
0.909
0.973
0.942
0.989
0.963
0.949
0.966
0.981
0.986
0.990
0.999
0.998
0.983
0.996
0.973
0.989
0.999
0.997
0.994
0.977
1.000
0.990
0.994
1.000
0.982
0.986
0.966
0.951
0.993
0.950
0.934
0.929
0.954
0.938
0.990
0.972
0.936
0.968
0.942
0.946
0.988
0.976
0.957
0.983
0.949
0.941
0.922
0.990
0.960
0.932
0.990
0.997
0.993
0.940
0.164
0.991
0.979
0.847
0.985
0.893
0.934
0.249
0.303
0.314
0.026
0.021
0.042
0.961
0.977
0.987
0.983
0.983
0.981
0.994
0.991
0.987
0.981
0.999
0.935
0.975
0.978
0.988
0.976
0.976
0.946
0.988
0.979
0.967
0.987
0.973
0.966
0.964
0.947
0.955
0.972
0.986
0.988
0.986
0.973
0.984
0.986
0.992
0.975
0.952
0.982
0.962
0.994
1.000
0.994
0.915
0.974
0.950
0.935
0.994
0.908
0.940
0.961
0.961
0.991
0.960
0.986
0.970
0.989
0.975
0.954
0.948
0.915
0.856
0.926
0.982
0.993
0.984
0.832
0.903
0.956
0.980
0.989
0.975
0.954
0.954
0.998
0.992
0.987
0.950
0.943
0.898
0.996
0.925
0.982
0.952
0.972
0.979
0.977
0.968
0.940
0.985
0.964
0.979
0.974
0.997
0.988
0.974
0.984
0.967
0.983
0.968
0.915
0.968
0.956
0.995
0.974
0.994
0.991
0.998
0.999
0.974
0.925
0.958
0.710
0.988
0.707
0.964
0.998
0.980
0.973
0.978
0.995
0.985
0.976
0.471
0.012
0.057
0.002
0.493
0.514
0.531
0.835
0.583
0.330
0.193
0.161
0.106
0.200
0.189
0.557
0.413
0.378
0.160
0.024
0.481
0.873
0.969
0.821
0.992
0.976
0.962
0.990
0.799
0.983
0.974
0.969
0.963
0.921
0.949
0.986
0.983
0.991
0.968
0.990
0.980
0.987
0.992
0.969
0.956
0.999
0.947
0.999
0.964
0.990
0.955
0.978
0.989
0.981
0.949
0.916
0.999
0.970
1.000
0.944
0.980
0.999
0.994
0.933
0.625
0.209
0.791
0.754
0.723
0.567
0.594
0.603
0.671
0.915
0.992
0.955
0.991
0.949
0.933
0.950
0.992
0.958
0.974
0.959
0.940
0.965
0.960
0.767
0.911
0.971
0.929
0.937
0.987
0.965
0.994
0.961
0.953
0.988
0.911
0.926
0.978
0.973
0.983
0.864
0.882
0.973
0.971
0.958
0.953
0.984
0.713
0.985
0.914
0.989
0.967
0.979
0.957
0.901
0.974
0.906
0.982
0.061
0.926
0.905
0.983
0.976
0.983
0.984
0.921
0.986
0.966
0.962
0.992
0.983
0.962
0.982
0.974
0.976
0.945
0.994
1.000
0.958
0.996
0.991
0.976
0.604
0.715
0.990
0.861
0.995
0.989
0.463
0.655
0.716
0.172
0.489
0.139
0.093
0.097
0.165
0.634
0.831
0.786
0.196
0.025
0.684
0.730
0.985
0.996
0.925
0.962
0.850
0.950
0.958
0.989
0.963
0.964
0.974
0.940
0.933
0.965
0.901
0.964
0.969
0.988
0.947
0.982
0.996
1.000
0.986
0.967
0.978
0.986
0.783
0.996
0.961
0.936
0.819
0.949
0.952
0.917
0.614
0.630
0.821
0.791
0.997
0.988
0.979
0.945
0.987
0.977
0.987
0.979
0.986
0.990
0.987
0.997
0.995
0.978
0.970
0.990
0.961
0.983
0.968
0.988
0.977
0.988
0.977
0.995
0.987
0.948
0.972
0.980
0.985
0.985
0.977
0.966
0.983
0.962
0.963
0.985
0.963
0.967
1.000
0.973
0.998
0.568
0.979
0.917
0.999
0.987
0.965
0.933
0.964
0.965
0.971
0.965
0.988
0.955
0.907
0.914
0.995
0.972
0.979
0.983
0.992
0.994
0.987
0.967
0.989
0.976
0.978
0.979
0.969
0.975
0.954
0.947
0.951
0.940
0.965
0.977
0.995
0.972
0.977
0.958
0.761
0.842
0.979
0.996
0.991
0.750
0.944
0.959
0.979
0.992
0.991
0.946
0.953
0.904
0.597
0.286
0.460
0.282
0.197
0.182
0.160
0.195
0.137
0.632
0.208
0.454
0.229
0.343
0.877
0.991
0.966
0.983
0.939
0.983
0.990
0.985
0.991
0.988
0.925
0.984
0.982
0.984
0.966
0.981
0.975
1.000
0.997
0.996
0.984
0.994
0.973
0.919
0.958
0.960
0.981
0.977
0.979
0.964
0.954
0.966
1.000
0.938
0.928
0.992
0.988
0.993
0.988
0.971
0.985
0.991
0.975
0.987
0.993
0.998
0.967
0.976
0.955
0.982
0.980
0.942
0.950
0.976
0.983
0.961
0.971
0.991
0.994
0.995
0.990
0.963
0.998
0.983
0.944
0.984
0.990
0.966
0.971
0.957
0.985
0.983
0.981
0.988
0.820
0.945
0.958
0.987
0.989
0.937
0.976
0.985
0.983
0.985
0.981
0.983
0.969
0.998
0.905
0.986
0.944
0.982
0.901
0.969
0.952
0.968
0.945
0.981
0.867
0.849
0.983
0.983
0.980
0.965
0.972
0.956
0.951
0.935
0.937
0.964
0.965
0.987
0.866
0.992
0.968
0.953
0.987
0.995
0.921
0.917
0.875
0.949
0.964
0.935
0.971
0.976
0.975
0.973
0.985
0.978
0.938
0.973
0.981
0.848
0.973
0.677
0.982
0.932
0.934
0.999
0.723
0.323
0.337
0.253
0.184
0.134
0.137
0.000
0.108
0.151
0.191
0.639
0.353
0.791
0.932
0.985
0.989
0.980
0.874
0.992
0.971
0.968
0.988
0.976
0.986
0.978
0.963
0.998
0.988
0.977
0.985
0.990
0.981
0.978
0.960
0.945
0.918
0.965
0.948
0.950
0.964
0.983
0.986
0.941
0.990
0.967
0.958
0.999
0.975
0.983
0.959
0.965
0.977
0.975
0.986
0.965
0.994
0.954
0.989
0.945
0.982
0.997
0.998
0.990
0.979
0.991
0.991
0.990
1.000
0.991
0.989
0.999
0.995
0.242
0.922
0.972
0.991
0.990
0.973
0.977
0.958
0.936
0.955
0.958
0.963
0.950
0.966
0.945
0.855
0.964
0.980
0.940
0.967
0.993
0.988
0.977
0.995
0.936
0.965
0.944
0.982
0.997
0.998
0.995
0.996
0.922
0.982
0.967
0.984
0.993
0.952
0.728
0.850
0.970
0.941
0.976
0.964
0.971
0.945
0.868
0.944
0.976
0.962
0.955
0.960
0.901
0.959
0.984
0.980
0.970
0.959
0.967
0.949
0.968
0.867
0.949
0.966
0.968
0.985
0.920
0.940
0.962
0.999
0.963
0.989
0.985
0.990
0.944
0.928
0.976
0.868
0.548
0.991
0.995
0.968
0.992
1.000
0.981
0.991
0.990
0.453
0.754
0.987
0.994
0.998
0.293
0.026
0.044
0.493
0.428
0.451
0.416
0.669
0.151
0.097
0.220
0.162
0.109
0.164
0.421
0.751
0.600
0.261
0.055
0.343
0.014
0.022
0.012
0.956
0.985
0.986
0.955
0.987
0.970
0.983
0.995
0.962
0.948
0.879
0.982
0.929
0.995
0.953
0.972
0.982
0.965
0.913
0.966
0.965
0.962
0.980
0.993
0.915
0.997
0.952
0.988
0.979
0.993
0.931
0.988
0.989
0.993
0.959
0.995
0.973
0.968
0.983
0.998
0.955
0.956
0.994
0.965
0.989
0.977
0.979
0.746
0.693
0.949
0.951
0.963
0.978
0.925
0.942
0.984
0.992
0.951
0.938
0.970
0.962
0.971
0.975
0.979
0.996
0.991
0.947
0.960
0.945
0.994
0.996
1.000
0.996
0.979
0.998
0.996
0.956
0.971
0.937
0.972
0.939
0.960
0.958
0.985
0.991
0.979
0.926
0.946
0.953
0.977
0.985
0.968
0.963
0.965
0.973
0.980
0.987
0.991
0.964
0.979
0.974
0.967
0.981
0.958
0.974
0.991
0.938
0.951
0.966
0.970
0.973
0.848
0.968
0.971
0.986
0.992
0.959
0.945
0.988
0.941
0.969
0.993
0.997
0.966
0.970
0.993
0.999
0.993
0.993
0.950
0.942
0.992
0.988
0.965
0.983
0.993
0.980
0.960
0.984
0.992
0.987
0.990
0.976
0.983
0.963
0.975
0.982
0.980
0.996
0.990
0.963
0.903
0.954
0.969
0.950
0.986
0.976
0.997
0.991
0.957
0.981
0.938
0.980
0.961
0.962
0.988
1.000
0.990
0.985
0.988
0.974
0.995
0.958
0.951
0.976
0.960
0.989
0.980
0.990
0.993
0.761
0.016
0.318
0.964
0.825
0.866
0.929
0.995
1.000
0.966
0.796
0.780
0.768
0.114
0.302
0.373
0.811
0.354
1.000
0.845
0.869
0.993
0.943
0.994
0.943
0.964
0.962
0.977
0.991
0.989
0.964
0.961
0.968
0.947
0.967
0.984
0.968
0.973
0.941
0.984
0.979
0.959
0.989
0.974
0.982
0.998
0.964
0.977
0.975
0.974
0.992
0.997
0.975
0.989
1.000
0.978
0.969
0.987
0.983
0.986
0.979
0.979
0.977
0.959
0.987
0.998
0.985
0.988
0.874
0.988
0.994
0.999
0.993
0.919
0.952
0.990
0.984
0.985
0.915
0.972
0.974
0.968
0.992
0.941
0.962
0.948
0.986
0.993
0.962
0.957
0.632
0.993
0.997
0.983
0.995
0.961
0.895
0.982
0.987
0.973
0.989
0.988
0.960
0.967
0.961
0.989
0.988
0.995
0.998
0.975
1.000
0.982
0.988
0.987
0.977
0.973
0.957
0.985
0.978
0.984
0.905
0.982
0.989
0.998
0.967
0.966
0.963
0.920
0.943
0.954
0.914
0.942
0.957
0.964
0.898
0.993
0.921
0.949
0.984
0.992
0.988
1.000
0.995
0.988
0.981
0.988
0.948
0.912
0.976
0.977
0.975
0.959
0.959
0.996
0.870
0.984
0.977
0.934
0.993
0.998
0.968
0.993
0.969
0.973
0.908
0.994
0.985
0.936
0.965
0.983
0.757
0.939
0.920
0.966
0.984
0.988
0.997
0.988
0.991
0.991
0.996
0.991
0.936
0.605
0.254
0.573
0.605
0.726
0.984
0.997
0.985
0.853
0.985
0.978
1.000
0.990
0.910
0.986
0.957
0.994
0.967
0.953
0.949
0.964
0.977
0.954
0.966
0.952
0.987
0.892
0.968
0.968
0.994
0.990
0.963
0.951
0.933
0.984
0.818
0.984
0.981
0.993
0.976
0.982
0.983
0.981
0.990
0.981
0.974
0.985
0.684
0.405
0.592
0.371
0.343
0.479
0.314
0.733
0.182
0.198
0.048
0.003
0.000
0.241
0.617
0.883
0.550
0.183
0.391
0.973
0.977
0.998
0.948
0.975
0.973
0.982
0.977
0.997
0.995
0.997
0.986
0.991
0.984
0.971
0.965
0.970
0.995
1.000
0.988
0.997
1.000
0.998
0.991
0.997
0.973
0.972
0.973
0.994
0.953
0.953
0.990
0.951
0.985
0.950
0.921
0.972
0.983
0.963
0.927
0.967
0.983
0.998
0.980
0.992
0.985
0.969
0.992
0.992
0.960
0.993
0.990
0.975
0.998
0.990
0.990
0.983
0.979
0.999
0.991
0.965
0.938
0.995
0.990
0.936
0.973
0.974
0.963
0.993
0.996
0.940
0.932
0.997
0.959
0.950
0.973
0.983
0.973
0.809
0.999
0.990
0.980
0.967
0.931
0.920
0.990
0.994
0.931
0.952
0.960
0.951
0.982
0.982
0.961
0.930
0.947
0.988
0.928
0.933
0.929
0.961
0.952
0.981
0.954
0.989
0.928
0.959
0.973
1.000
1.000
1.000
0.922
0.960
0.965
0.862
0.997
0.978
0.958
0.937
0.977
0.975
0.924
0.962
0.956
0.985
0.970
0.992
0.978
0.982
0.942
0.972
0.993
0.975
0.984
0.967
0.038
0.002
0.982
0.992
0.990
0.989
0.993
0.960
0.906
0.988
0.942
0.995
0.975
0.977
0.960
0.959
0.888
0.950
0.996
0.883
0.978
0.969
0.997
0.962
0.987
0.969
0.956
0.997
0.987
0.992
0.996
0.995
0.975
0.992
0.983
0.976
0.983
0.972
0.990
0.988
0.975
0.986
1.000
0.998
0.964
0.987
0.996
0.979
0.976
0.981
0.981
0.935
0.929
0.988
0.947
0.993
0.946
0.986
0.958
0.811
0.978
0.977
0.993
0.941
0.955
0.982
0.982
0.994
0.992
0.972
0.994
0.970
0.985
0.983
0.984
0.995
0.995
0.993
0.999
0.982
0.982
0.986
0.990
0.860
0.980
1.000
0.967
0.992
0.966
0.991
0.991
0.993
0.989
0.992
0.985
0.931
0.996
0.987
0.972
0.946
0.995
0.992
0.953
0.936
0.997
0.978
0.993
0.962
0.895
0.974
0.979
0.992
0.981
0.984
0.994
0.987
0.990
0.983
0.921
0.970
0.948
0.944
0.971
0.972
0.930
0.968
0.969
0.971
0.981
0.972
0.956
0.990
0.976
0.994
0.997
1.000
0.000
0.073
0.997
0.963
0.990
0.312
0.415
0.322
0.537
0.386
0.371
0.158
0.134
0.000
0.331
0.463
0.386
0.437
0.988
1.000
0.967
0.946
0.955
0.809
0.977
0.964
0.943
0.977
0.978
0.967
0.917
0.925
0.984
0.973
0.974
0.981
0.972
0.997
0.992
0.995
0.977
0.985
0.976
0.987
0.926
0.995
0.961
0.994
1.000
0.978
0.975
0.976
0.971
0.982
0.987
0.927
0.985
0.993
0.985
0.992
0.989
0.981
0.992
0.977
0.971
0.973
0.979
0.943
0.975
0.988
0.966
0.955
0.952
0.998
0.984
0.969
0.882
0.996
0.986
0.981
0.990
0.995
0.990
0.985
0.978
0.989
0.994
0.972
0.961
0.949
0.959
0.971
0.973
0.988
0.984
0.962
0.990
0.997
0.964
0.944
0.979
0.925
0.943
0.993
0.947
0.955
0.990
0.958
0.955
0.914
0.972
0.979
0.942
0.949
0.951
0.881
0.991
0.970
0.963
0.981
0.997
0.996
0.997
0.949
0.994
0.995
0.983
0.985
0.978
0.993
0.901
0.995
0.977
0.948
0.992
0.961
0.976
0.987
0.980
0.984
0.981
0.919
0.994
0.992
0.988
0.997
0.947
0.998
0.992
0.867
0.981
0.967
0.929
0.994
0.975
0.981
0.983
0.982
0.976
0.995
0.968
0.954
0.986
0.990
0.988
0.985
0.999
0.950
0.988
0.988
0.964
0.991
1.000
0.992
0.982
0.944
0.987
0.991
0.970
0.992
0.984
0.931
0.977
0.975
0.993
0.986
0.989
0.973
0.953
0.983
0.995
0.995
0.998
1.000
0.979
0.990
0.965
0.983
0.999
0.993
0.968
0.962
0.966
0.992
0.999
0.991
0.943
0.992
0.943
0.998
0.989
0.938
0.935
0.968
0.976
0.954
0.942
0.979
0.990
0.977
0.982
0.996
0.989
0.988
0.983
0.958
0.993
0.972
0.976
0.949
0.997
0.992
0.985
0.998
0.990
0.997
0.999
0.980
0.983
0.918
0.988
0.996
0.981
0.892
0.845
0.993
0.988
0.994
0.990
0.995
0.993
0.963
0.996
1.000
0.995
0.976
0.978
0.998
0.964
0.987
0.931
0.993
0.962
0.993
0.977
0.981
0.994
0.975
0.967
0.990
0.969
0.985
0.975
0.977
0.979
0.983
0.985
0.990
0.982
0.995
0.995
1.000
0.982
0.996
0.945
0.997
0.986
0.947
0.974
0.973
0.947
0.991
0.977
0.991
0.984
0.980
0.993
0.991
0.970
0.948
0.983
0.989
0.983
0.989
0.964
0.994
0.967
0.996
0.937
0.982
0.961
0.941
0.963
0.972
0.880
0.963
0.973
0.997
0.985
0.934
0.990
0.989
0.996
1.000
0.984
0.992
0.943
0.975
0.967
0.974
0.925
0.733
0.939
0.785
0.993
0.990
0.987
0.596
0.998
0.878
0.191
0.463
0.395
0.693
