0.909
0.966
0.998
0.996
0.981
1.000
1.000
0.994
1.000
1.000
1.000
1.000
1.000
0.997
0.993
1.000
1.000
1.000
0.996
1.000
0.997
0.992
0.968
0.979
0.965
0.999
0.963
1.000
0.980
0.947
1.000
1.000
0.989
0.933
0.995
0.995
0.977
0.977
0.992
0.992
0.997
0.994
0.919
0.994
0.978
0.997
0.962
0.976
0.979
0.965
0.991
0.990
1.000
0.996
0.983
1.000
1.000
1.000
0.959
0.998
0.950
1.000
0.999
0.996
0.933
0.975
0.989
0.990
0.934
0.994
0.991
0.992
0.996
1.000
1.000
1.000
0.965
1.000
0.872
1.000
1.000
1.000
0.891
0.450
0.942
1.000
0.988
1.000
1.000
0.999
1.000
0.982
0.993
0.970
0.949
0.976
0.992
0.861
0.737
0.998
1.000
0.999
0.983
0.983
0.997
0.961
0.957
0.998
1.000
0.985
0.977
0.994
1.000
0.952
1.000
0.995
0.999
1.000
0.998
0.990
1.000
0.983
0.981
0.962
0.997
1.000
0.923
0.994
1.000
0.974
0.995
1.000
0.993
1.000
0.962
0.991
0.919
0.996
0.998
0.992
0.983
0.981
1.000
1.000
1.000
1.000
0.996
0.992
0.994
1.000
1.000
1.000
0.994
1.000
1.000
1.000
0.972
0.989
0.989
1.000
0.994
1.000
1.000
1.000
1.000
1.000
0.998
1.000
1.000
1.000
1.000
0.998
0.959
1.000
1.000
0.786
1.000
1.000
0.988
0.995
1.000
1.000
0.990
1.000
0.993
1.000
1.000
1.000
1.000
0.997
0.999
1.000
0.998
0.940
1.000
0.870
0.985
0.984
1.000
0.981
0.991
0.987
0.996
0.994
0.998
0.988
1.000
0.997
1.000
1.000
0.980
0.988
0.999
1.000
1.000
1.000
0.998
0.999
0.997
0.986
0.988
0.878
0.977
0.999
0.974
0.921
0.981
0.943
0.984
1.000
0.997
0.961
0.984
0.943
0.989
0.987
0.995
1.000
0.999
1.000
0.312
0.603
0.950
0.933
0.928
0.865
0.999
1.000
0.911
0.859
0.934
0.966
0.983
0.578
0.526
1.000
0.989
1.000
1.000
1.000
0.958
1.000
0.910
0.811
0.927
1.000
0.987
0.964
0.887
0.821
0.998
0.920
1.000
0.995
0.995
0.974
0.974
0.997
1.000
0.971
0.999
0.981
0.958
1.000
0.981
0.997
1.000
0.987
1.000
1.000
0.997
0.999
0.980
0.998
0.997
0.938
1.000
1.000
0.968
0.965
0.992
1.000
1.000
1.000
0.983
1.000
0.891
0.999
0.997
0.995
0.979
0.999
0.995
0.994
0.997
0.987
1.000
0.842
0.911
0.954
0.961
0.968
0.985
0.976
0.966
1.000
0.999
0.977
0.977
0.943
0.977
0.999
0.997
0.994
1.000
1.000
1.000
0.996
1.000
1.000
0.992
0.956
1.000
0.990
0.967
0.997
1.000
1.000
0.842
0.368
0.964
1.000
1.000
1.000
1.000
0.815
1.000
1.000
1.000
0.753
0.776
0.991
1.000
1.000
1.000
0.975
1.000
1.000
0.999
1.000
1.000
0.999
0.996
0.993
0.997
1.000
0.991
1.000
0.998
0.989
1.000
0.996
1.000
1.000
1.000
1.000
0.999
0.970
0.986
0.994
0.991
0.995
1.000
0.997
0.985
0.952
0.980
0.957
0.995
0.977
1.000
1.000
0.993
1.000
1.000
0.957
0.948
0.998
0.980
0.994
1.000
0.994
0.966
0.987
1.000
0.998
1.000
0.999
0.986
0.987
0.997
0.975
0.963
1.000
1.000
0.992
0.998
0.943
0.963
1.000
0.989
0.962
0.996
1.000
0.978
1.000
0.993
1.000
1.000
0.959
0.941
0.986
1.000
0.999
1.000
0.999
0.993
0.988
1.000
0.978
1.000
0.991
1.000
1.000
1.000
1.000
1.000
0.996
0.997
1.000
0.997
0.998
0.998
0.958
1.000
0.997
1.000
0.993
0.996
0.991
0.982
1.000
1.000
0.993
0.998
1.000
0.998
0.999
0.984
0.994
0.998
1.000
1.000
0.977
1.000
0.975
0.951
1.000
0.981
0.988
0.975
1.000
0.998
0.997
0.972
0.999
0.997
0.991
1.000
0.988
0.986
0.989
1.000
0.992
0.997
1.000
0.991
0.989
0.927
0.978
1.000
0.929
0.929
0.999
0.975
0.992
0.877
0.988
1.000
0.998
0.995
1.000
0.825
1.000
0.993
0.993
1.000
1.000
1.000
0.975
0.996
1.000
0.994
1.000
0.994
1.000
0.999
0.993
0.998
1.000
0.974
0.999
1.000
0.993
0.999
0.959
0.998
1.000
0.968
0.997
0.990
0.987
0.979
1.000
0.995
1.000
0.904
0.987
1.000
0.975
0.751
1.000
0.993
0.988
0.993
0.967
1.000
0.976
0.996
1.000
0.981
0.965
1.000
1.000
1.000
0.941
0.987
0.998
1.000
1.000
0.981
0.947
1.000
0.989
0.996
0.994
1.000
1.000
0.982
0.946
0.463
0.708
0.747
1.000
0.996
1.000
1.000
0.879
1.000
0.914
1.000
0.985
1.000
0.996
1.000
1.000
0.995
1.000
0.996
1.000
1.000
1.000
0.993
0.997
1.000
1.000
0.993
1.000
1.000
1.000
1.000
0.992
1.000
0.996
1.000
1.000
1.000
0.998
0.976
0.994
0.997
0.999
0.993
0.975
0.995
0.998
0.990
1.000
1.000
0.987
1.000
0.997
1.000
0.996
1.000
0.936
0.955
1.000
0.994
0.991
0.998
1.000
1.000
0.978
0.993
1.000
0.980
1.000
0.992
1.000
1.000
0.964
0.996
0.992
0.968
0.984
0.993
1.000
1.000
0.998
1.000
1.000
0.997
1.000
0.975
0.993
1.000
0.981
1.000
0.999
0.991
0.983
0.951
1.000
0.997
0.961
0.993
0.992
0.939
0.992
1.000
1.000
1.000
0.998
0.988
1.000
0.990
0.997
0.991
1.000
0.970
0.985
0.993
0.986
0.968
1.000
0.988
1.000
1.000
1.000
1.000
1.000
0.998
1.000
0.971
0.997
0.908
0.914
0.907
0.984
0.994
0.991
0.998
0.990
0.985
0.984
1.000
0.969
0.969
0.980
1.000
0.977
0.910
1.000
0.999
1.000
1.000
0.997
1.000
0.997
0.994
0.602
0.109
0.788
0.985
0.953
1.000
1.000
1.000
1.000
0.972
1.000
1.000
0.892
0.983
0.928
1.000
0.993
0.926
0.998
1.000
0.919
0.986
1.000
1.000
0.997
0.996
1.000
1.000
0.949
0.999
0.992
1.000
1.000
1.000
1.000
0.994
0.971
1.000
1.000
1.000
1.000
1.000
1.000
0.992
1.000
0.993
0.997
1.000
1.000
1.000
1.000
1.000
1.000
0.985
1.000
0.989
1.000
1.000
1.000
1.000
0.997
0.992
0.995
1.000
1.000
1.000
1.000
0.994
1.000
1.000
1.000
1.000
1.000
0.991
1.000
0.993
0.972
0.978
1.000
0.999
0.987
1.000
1.000
0.917
0.991
1.000
0.969
0.997
0.990
0.934
0.973
1.000
0.939
1.000
0.981
1.000
1.000
0.993
1.000
1.000
1.000
1.000
0.967
0.869
1.000
0.970
0.998
0.982
0.983
0.983
1.000
0.987
0.966
0.700
1.000
1.000
0.998
0.992
1.000
0.999
0.991
0.998
0.977
0.978
0.994
0.969
0.953
0.998
0.966
0.979
0.995
0.984
0.978
0.982
0.995
0.985
0.988
0.997
0.974
1.000
1.000
1.000
0.980
1.000
0.997
0.995
0.992
0.897
0.992
1.000
0.959
0.990
0.996
1.000
0.853
1.000
1.000
0.998
0.987
1.000
1.000
1.000
1.000
0.999
1.000
0.958
0.996
1.000
1.000
0.971
1.000
1.000
1.000
0.981
0.990
0.997
0.995
0.997
0.998
0.999
1.000
1.000
1.000
0.998
0.964
0.988
1.000
0.999
1.000
1.000
0.997
1.000
0.879
1.000
1.000
0.791
0.996
0.993
1.000
0.999
0.962
0.999
0.986
1.000
1.000
0.988
0.995
0.998
0.999
1.000
0.992
1.000
0.988
1.000
0.987
0.999
0.966
0.993
0.990
0.993
0.980
1.000
0.997
0.984
0.947
0.996
0.993
0.996
1.000
0.999
1.000
1.000
1.000
0.986
0.995
0.977
0.986
0.960
0.965
0.910
0.974
1.000
1.000
1.000
1.000
1.000
0.989
0.989
0.985
1.000
0.989
0.999
0.997
0.985
0.997
0.983
0.980
0.994
0.996
0.921
0.988
0.993
0.979
0.986
1.000
0.968
1.000
0.994
0.997
0.989
0.989
0.976
0.994
0.953
0.998
0.996
1.000
0.994
0.986
1.000
0.970
0.972
0.993
0.989
1.000
0.990
1.000
0.979
1.000
1.000
0.997
1.000
0.999
0.985
1.000
0.997
1.000
0.935
0.990
0.994
0.991
1.000
0.989
0.985
0.988
0.981
0.979
0.993
1.000
1.000
0.999
1.000
1.000
1.000
1.000
0.967
1.000
0.945
0.926
0.838
1.000
0.972
0.992
0.990
0.993
0.877
1.000
0.999
0.983
0.984
1.000
1.000
1.000
1.000
1.000
1.000
0.956
0.990
1.000
0.994
0.997
0.999
0.965
1.000
0.992
0.989
0.984
0.988
1.000
1.000
1.000
0.996
1.000
1.000
0.991
1.000
1.000
1.000
0.981
0.997
0.860
1.000
0.508
0.428
1.000
1.000
0.989
1.000
1.000
1.000
1.000
1.000
1.000
1.000
1.000
0.782
1.000
0.984
1.000
0.996
1.000
0.936
0.998
1.000
1.000
1.000
0.999
0.998
1.000
1.000
1.000
1.000
0.896
0.993
1.000
1.000
1.000
0.996
1.000
0.985
0.991
1.000
1.000
1.000
0.997
1.000
1.000
1.000
1.000
0.985
0.975
1.000
0.981
0.994
1.000
0.990
1.000
1.000
0.992
1.000
0.958
1.000
0.996
1.000
0.997
1.000
1.000
0.958
0.997
1.000
0.981
0.935
0.979
0.988
0.904
0.948
0.999
0.952
0.990
0.988
1.000
0.999
0.975
0.981
0.987
0.991
0.994
0.987
1.000
1.000
1.000
1.000
0.994
0.993
0.996
0.974
0.993
0.995
0.984
0.899
0.961
0.998
0.993
0.961
1.000
0.995
0.984
0.997
0.991
0.999
0.941
0.993
0.995
0.969
0.966
0.987
1.000
0.999
1.000
1.000
1.000
1.000
1.000
0.980
0.959
0.553
0.671
1.000
0.978
1.000
1.000
0.999
1.000
1.000
0.990
1.000
0.929
0.959
0.992
0.981
1.000
0.876
1.000
0.976
0.879
1.000
0.851
1.000
1.000
1.000
0.985
1.000
1.000
0.992
1.000
1.000
0.991
1.000
0.984
0.986
1.000
0.997
1.000
1.000
1.000
0.998
1.000
0.993
1.000
1.000
1.000
1.000
1.000
0.774
0.996
1.000
1.000
1.000
1.000
0.997
1.000
0.989
0.997
1.000
0.959
0.991
0.989
0.990
1.000
1.000
0.928
1.000
1.000
0.993
0.987
1.000
1.000
1.000
1.000
0.997
0.996
1.000
1.000
0.695
1.000
1.000
0.994
0.986
1.000
1.000
0.987
1.000
1.000
0.994
1.000
1.000
0.988
0.996
1.000
1.000
0.996
0.995
1.000
0.994
0.999
1.000
1.000
0.975
0.990
1.000
1.000
0.969
1.000
1.000
1.000
0.987
0.995
1.000
1.000
0.934
1.000
1.000
0.990
0.998
0.990
0.999
1.000
0.998
0.994
0.999
1.000
1.000
0.997
0.979
1.000
0.979
0.995
0.991
0.987
0.995
0.995
1.000
1.000
0.985
0.984
1.000
0.993
0.877
1.000
0.996
1.000
0.945
0.975
0.830
1.000
0.972
0.961
0.958
1.000
0.987
0.993
1.000
0.907
0.995
0.977
0.992
0.980
0.994
0.879
1.000
1.000
0.996
0.994
1.000
0.994
0.992
0.999
0.974
0.969
1.000
1.000
0.991
0.965
0.996
0.974
0.988
0.986
0.976
0.930
0.985
0.996
0.953
0.992
0.993
0.992
0.989
0.991
0.999
0.984
0.986
0.974
1.000
0.978
1.000
0.987
1.000
0.997
0.999
1.000
0.996
1.000
1.000
0.998
1.000
0.992
0.990
0.999
0.999
0.982
1.000
0.995
1.000
1.000
0.782
1.000
0.998
0.398
0.000
0.000
0.000
0.000
0.881
1.000
0.996
1.000
0.996
1.000
1.000
0.999
0.985
0.998
0.997
1.000
0.995
0.964
0.927
0.998
0.975
0.965
0.998
0.994
0.999
0.998
1.000
0.996
0.951
0.983
1.000
0.978
1.000
1.000
0.980
1.000
0.999
1.000
1.000
0.997
1.000
1.000
0.981
0.996
1.000
1.000
1.000
1.000
0.992
0.998
0.976
1.000
0.995
1.000
1.000
0.997
1.000
1.000
1.000
1.000
0.997
1.000
0.998
1.000
1.000
1.000
0.992
0.997
1.000
0.967
0.981
0.996
1.000
0.999
0.991
0.999
1.000
0.998
0.995
1.000
0.839
0.891
0.975
0.995
1.000
0.885
0.980
1.000
0.997
0.996
1.000
0.976
0.984
0.934
0.977
0.998
0.954
0.976
0.989
0.999
0.994
0.997
0.970
1.000
1.000
1.000
1.000
1.000
0.978
1.000
0.962
0.988
0.969
0.948
1.000
0.996
0.980
0.980
0.995
1.000
0.989
0.985
0.998
0.982
0.975
0.995
0.990
0.994
0.982
0.977
0.967
0.979
1.000
0.979
1.000
1.000
0.980
1.000
1.000
0.979
1.000
1.000
1.000
1.000
0.992
0.984
1.000
0.958
0.918
0.996
0.993
1.000
1.000
0.996
1.000
0.993
1.000
0.983
1.000
1.000
1.000
1.000
1.000
0.989
1.000
1.000
1.000
1.000
1.000
1.000
1.000
1.000
1.000
1.000
1.000
1.000
1.000
1.000
1.000
1.000
1.000
1.000
0.995
1.000
0.947
1.000
1.000
0.998
0.997
1.000
0.996
1.000
0.998
0.983
0.974
0.984
0.992
1.000
1.000
0.611
1.000
0.997
1.000
1.000
0.999
1.000
1.000
0.990
0.985
1.000
0.991
0.997
1.000
1.000
1.000
1.000
1.000
1.000
1.000
1.000
1.000
1.000
1.000
0.998
1.000
0.993
0.999
1.000
1.000
1.000
1.000
1.000
1.000
0.972
1.000
0.973
0.996
1.000
1.000
1.000
0.885
0.846
1.000
0.984
1.000
0.976
0.968
1.000
0.990
1.000
1.000
0.989
1.000
1.000
0.998
1.000
0.955
1.000
1.000
1.000
0.992
1.000
1.000
1.000
1.000
1.000
1.000
0.997
1.000
1.000
0.997
0.999
1.000
1.000
1.000
0.997
0.984
1.000
0.999
0.978
0.998
1.000
0.983
1.000
0.993
1.000
0.992
0.727
0.955
1.000
1.000
1.000
1.000
0.998
1.000
1.000
0.953
1.000
1.000
0.992
1.000
1.000
1.000
0.584
0.884
1.000
0.993
1.000
1.000
1.000
1.000
0.997
1.000
1.000
1.000
1.000
0.932
1.000
1.000
0.995
0.960
0.991
0.997
1.000
0.993
0.994
0.985
1.000
1.000
0.989
0.999
0.887
0.965
0.974
0.996
1.000
0.998
1.000
1.000
1.000
0.969
0.998
0.960
0.778
1.000
0.985
0.997
0.999
0.983
0.998
0.998
0.984
0.982
0.876
0.939
0.992
1.000
0.994
0.958
0.993
0.971
1.000
0.996
0.998
1.000
1.000
0.997
1.000
1.000
0.963
1.000
1.000
0.978
1.000
1.000
0.993
1.000
1.000
0.985
0.995
0.993
0.956
0.978
0.985
0.967
0.986
0.970
1.000
0.992
1.000
0.978
0.943
0.986
1.000
0.985
0.998
0.990
0.987
0.999
0.985
1.000
1.000
1.000
0.774
0.965
1.000
0.998
0.971
0.979
0.997
0.994
1.000
0.962
0.992
0.952
0.983
0.940
0.974
0.997
1.000
0.974
0.996
0.993
0.997
0.993
0.999
1.000
1.000
0.773
0.984
0.930
0.980
1.000
1.000
1.000
0.974
1.000
1.000
1.000
0.991
1.000
0.977
1.000
0.994
1.000
1.000
1.000
1.000
0.982
1.000
1.000
0.991
1.000
1.000
0.999
1.000
0.997
1.000
1.000
0.980
1.000
1.000
0.794
0.950
1.000
1.000
1.000
1.000
1.000
1.000
1.000
0.996
1.000
1.000
0.993
0.997
0.977
1.000
0.988
0.995
1.000
0.999
1.000
1.000
0.988
0.998
1.000
0.993
0.992
0.998
0.980
0.991
0.978
0.993
1.000
1.000
1.000
0.986
1.000
0.996
1.000
1.000
1.000
0.947
1.000
1.000
1.000
1.000
1.000
0.681
0.805
0.772
0.987
1.000
1.000
1.000
0.922
0.998
0.999
1.000
0.997
0.935
0.998
1.000
0.990
0.996
1.000
0.992
0.997
1.000
1.000
1.000
0.996
1.000
1.000
1.000
1.000
1.000
1.000
0.976
1.000
0.998
1.000
1.000
0.987
0.995
0.998
0.981
0.986
1.000
1.000
0.997
1.000
0.999
1.000
1.000
1.000
0.995
1.000
0.995
1.000
1.000
1.000
0.991
1.000
1.000
1.000
1.000
1.000
1.000
1.000
1.000
1.000
1.000
0.981
1.000
0.943
0.999
0.985
1.000
0.985
1.000
1.000
1.000
0.996
0.987
1.000
0.984
0.997
1.000
1.000
0.998
1.000
0.822
1.000
1.000
1.000
0.982
1.000
0.999
1.000
0.969
0.992
1.000
0.987
1.000
1.000
0.999
0.997
1.000
1.000
1.000
1.000
1.000
1.000
0.994
0.998
0.840
1.000
0.900
1.000
1.000
0.994
0.993
0.986
1.000
1.000
1.000
0.999
1.000
0.995
1.000
1.000
1.000
0.997
0.982
1.000
1.000
0.993
1.000
1.000
1.000
1.000
0.997
0.986
1.000
1.000
0.995
0.899
1.000
0.996
1.000
1.000
1.000
0.982
1.000
0.999
1.000
1.000
0.994
1.000
1.000
1.000
1.000
0.993
0.976
0.998
1.000
0.996
1.000
1.000
0.988
0.998
0.999
0.978
1.000
1.000
1.000
1.000
0.986
1.000
1.000
0.998
0.984
0.929
1.000
0.990
0.976
0.941
0.986
0.968
0.943
0.976
0.986
1.000
0.998
0.986
1.000
0.978
0.986
0.889
1.000
0.988
0.976
1.000
0.978
0.974
0.998
1.000
1.000
0.971
0.989
0.963
0.996
1.000
0.921
0.986
0.989
0.991
0.999
0.999
0.995
0.993
1.000
1.000
1.000
0.995
0.951
0.977
0.989
0.980
0.983
0.990
0.977
0.997
0.993
1.000
0.782
0.976
0.922
1.000
0.995
0.945
0.996
0.950
0.993
1.000
0.990
0.982
1.000
1.000
0.989
0.988
1.000
1.000
1.000
0.997
0.990
0.996
1.000
1.000
0.994
1.000
0.999
0.994
0.978
0.986
0.965
1.000
1.000
1.000
1.000
0.967
1.000
1.000
1.000
0.999
0.982
0.985
1.000
0.979
0.997
1.000
1.000
0.901
0.983
1.000
0.988
0.971
0.997
0.998
0.993
0.945
1.000
1.000
0.973
1.000
1.000
0.903
0.994
1.000
0.980
0.928
1.000
0.998
1.000
1.000
0.998
0.994
0.863
0.999
0.991
1.000
0.994
1.000
0.778
0.999
0.925
0.905
0.431
0.829
1.000
